<?xml version="1.0" encoding="utf-8"?>
<TestRun id="b2aa8a27-c9e0-4cb8-8ace-ba51668706b5" name="chuck@CHUCKPC 2026-04-20 19:56:25" runUser="CHUCKPC\chuck" xmlns="http://microsoft.com/schemas/VisualStudio/TeamTest/2010">
  <Times creation="2026-04-20T19:56:25.1596855-05:00" queuing="2026-04-20T19:56:25.1596860-05:00" start="2026-04-20T19:56:23.3574862-05:00" finish="2026-04-20T19:56:27.1088186-05:00" />
  <TestSettings name="default" id="2bfc0155-1b0f-4eca-baba-7c957d66c940">
    <Deployment runDeploymentRoot="chuck_CHUCKPC_2026-04-20_19_56_25" />
  </TestSettings>
  <Results>
    <UnitTestResult executionId="e8032071-3117-48bc-b47c-41b1a90b1e96" testId="6abc7231-0b18-3ff0-9529-cf3d9e180013" testName="ETL_SQL.LanguageServer.Tests.SystemIntegrationTests.Variable_Completion_Should_Include_Loop_Variables" computerName="CHUCKPC" duration="00:00:00.0075615" startTime="2026-04-20T19:56:25.0276976-05:00" endTime="2026-04-20T19:56:25.0276979-05:00" testType="13cdc9d9-ddb5-4fa4-a97d-d965ccfc6d4b" outcome="Passed" testListId="8c84fa94-04c1-424b-9868-57a2d4851a1d" relativeResultsDirectory="e8032071-3117-48bc-b47c-41b1a90b1e96" />
    <UnitTestResult executionId="4b7de646-ec7b-4c3d-b4c2-2f6be8f597ea" testId="56c3def7-9549-e71c-03e1-deb7c93a4253" testName="ETL_SQL.LanguageServer.Tests.MetadataManagerTests.GetTablesAsync_CachesResults" computerName="CHUCKPC" duration="00:00:00.0016723" startTime="2026-04-20T19:56:24.8614171-05:00" endTime="2026-04-20T19:56:24.8614173-05:00" testType="13cdc9d9-ddb5-4fa4-a97d-d965ccfc6d4b" outcome="Passed" testListId="8c84fa94-04c1-424b-9868-57a2d4851a1d" relativeResultsDirectory="4b7de646-ec7b-4c3d-b4c2-2f6be8f597ea" />
    <UnitTestResult executionId="06425181-5f9f-4792-ab4e-540dbe5caa0f" testId="27fd2ac4-a568-ee27-c0c1-2adf5d401f61" testName="ETL_SQL.LanguageServer.Tests.MetadataManagerTests.RegisterDocumentConnection_ClearsCacheForThatDocument" computerName="CHUCKPC" duration="00:00:01.0139781" startTime="2026-04-20T19:56:24.8460590-05:00" endTime="2026-04-20T19:56:24.8460823-05:00" testType="13cdc9d9-ddb5-4fa4-a97d-d965ccfc6d4b" outcome="Passed" testListId="8c84fa94-04c1-424b-9868-57a2d4851a1d" relativeResultsDirectory="06425181-5f9f-4792-ab4e-540dbe5caa0f" />
    <UnitTestResult executionId="973e280a-dd02-4852-8f05-31df3200d176" testId="276e1aad-81a6-a26c-4854-bdf925336fe7" testName="ETL_SQL.LanguageServer.Tests.MetadataManagerTests.ClearDocumentConnections_RemovesOnlySpecificDoc" computerName="CHUCKPC" duration="00:00:00.0008269" startTime="2026-04-20T19:56:24.8596937-05:00" endTime="2026-04-20T19:56:24.8596938-05:00" testType="13cdc9d9-ddb5-4fa4-a97d-d965ccfc6d4b" outcome="Passed" testListId="8c84fa94-04c1-424b-9868-57a2d4851a1d" relativeResultsDirectory="973e280a-dd02-4852-8f05-31df3200d176" />
    <UnitTestResult executionId="04e2f95a-0c0e-45ff-a273-8d98b90cd38f" testId="a70d5380-4566-f836-3276-4f80ba9a9f6a" testName="ETL_SQL.LanguageServer.Tests.MetadataManagerTests.RegisterDocumentConnection_IsolatesToDoc" computerName="CHUCKPC" duration="00:00:00.0007226" startTime="2026-04-20T19:56:24.8588137-05:00" endTime="2026-04-20T19:56:24.8588139-05:00" testType="13cdc9d9-ddb5-4fa4-a97d-d965ccfc6d4b" outcome="Passed" testListId="8c84fa94-04c1-424b-9868-57a2d4851a1d" relativeResultsDirectory="04e2f95a-0c0e-45ff-a273-8d98b90cd38f" />
    <UnitTestResult executionId="3906e437-4f04-40bf-8ce3-59ca1731db54" testId="39aa99ea-ac61-b32a-8eab-19ec8f084cce" testName="ETL_SQL.LanguageServer.Tests.LanguageServerSmokeTests.Server_Should_Initialize_Without_DI_Errors" computerName="CHUCKPC" duration="00:00:03.2293635" startTime="2026-04-20T19:56:27.0633847-05:00" endTime="2026-04-20T19:56:27.0633852-05:00" testType="13cdc9d9-ddb5-4fa4-a97d-d965ccfc6d4b" outcome="Passed" testListId="8c84fa94-04c1-424b-9868-57a2d4851a1d" relativeResultsDirectory="3906e437-4f04-40bf-8ce3-59ca1731db54" />
    <UnitTestResult executionId="3acad7df-e216-4f43-bb5c-9b2373f9130b" testId="0af9f0f9-6a05-861c-5b92-fd7030e81cfd" testName="ETL_SQL.LanguageServer.Tests.MetadataManagerTests.GetTablesAsync_UsesConnectorRegistry" computerName="CHUCKPC" duration="00:00:00.0085474" startTime="2026-04-20T19:56:24.8580264-05:00" endTime="2026-04-20T19:56:24.8580268-05:00" testType="13cdc9d9-ddb5-4fa4-a97d-d965ccfc6d4b" outcome="Passed" testListId="8c84fa94-04c1-424b-9868-57a2d4851a1d" relativeResultsDirectory="3acad7df-e216-4f43-bb5c-9b2373f9130b" />
    <UnitTestResult executionId="17377430-9f59-48f3-88b0-fe01679da8b6" testId="9ddf3e1b-21b6-3504-b632-eff9921dbf6b" testName="ETL_SQL.LanguageServer.Tests.MetadataManagerTests.RegisterConnection_AddsToGlobalConnections" computerName="CHUCKPC" duration="00:00:00.0037136" startTime="2026-04-20T19:56:24.8494547-05:00" endTime="2026-04-20T19:56:24.8494547-05:00" testType="13cdc9d9-ddb5-4fa4-a97d-d965ccfc6d4b" outcome="Passed" testListId="8c84fa94-04c1-424b-9868-57a2d4851a1d" relativeResultsDirectory="17377430-9f59-48f3-88b0-fe01679da8b6" />
    <UnitTestResult executionId="c2ba02fd-3e87-4f2b-be89-d26706d7747f" testId="060238c0-c110-e243-38d2-1afa546fef38" testName="ETL_SQL.LanguageServer.Tests.SystemIntegrationTests.Completion_Should_Resolve_Aliases_And_Expand_Columns" computerName="CHUCKPC" duration="00:00:01.1879567" startTime="2026-04-20T19:56:25.0200677-05:00" endTime="2026-04-20T19:56:25.0200680-05:00" testType="13cdc9d9-ddb5-4fa4-a97d-d965ccfc6d4b" outcome="Passed" testListId="8c84fa94-04c1-424b-9868-57a2d4851a1d" relativeResultsDirectory="c2ba02fd-3e87-4f2b-be89-d26706d7747f">
      <Output>
        <StdOut>Analyzing script...&#xD;
Connections found: m&#xD;
Requesting completion at line 1, col 9...&#xD;
Completion items returned: 7&#xD;
 - UserID (Column from m.Users)&#xD;
 - UserName (Column from m.Users)&#xD;
 - Email (Column from m.Users)&#xD;
 - ExternalID (Column from m.Users)&#xD;
 - RegistrationDate (Column from m.Users)&#xD;
 - PreciseTime (Column from m.Users)&#xD;
 - LastLoginOffset (Column from m.Users)&#xD;
Expand columns InsertText: u.UserID, u.UserName, u.Email, u.ExternalID, u.RegistrationDate, u.PreciseTime, u.LastLoginOffset&#xD;
Expand columns (no alias) InsertText: UserID, UserName, Email, ExternalID, RegistrationDate, PreciseTime, LastLoginOffset</StdOut>
      </Output>
    </UnitTestResult>
  </Results>
  <TestDefinitions>
    <UnitTest name="ETL_SQL.LanguageServer.Tests.MetadataManagerTests.GetTablesAsync_UsesConnectorRegistry" storage="c:\users\chuck\scratch\etl-sql\tests\etl-sql.languageserver.tests\bin\debug\net10.0\etl-sql.languageserver.tests.dll" id="0af9f0f9-6a05-861c-5b92-fd7030e81cfd">
      <Execution id="3acad7df-e216-4f43-bb5c-9b2373f9130b" />
      <TestMethod codeBase="C:\Users\chuck\scratch\ETL-SQL\tests\ETL-SQL.LanguageServer.Tests\bin\Debug\net10.0\ETL-SQL.LanguageServer.Tests.dll" adapterTypeName="executor://xunit/VsTestRunner2/netcoreapp" className="ETL_SQL.LanguageServer.Tests.MetadataManagerTests" name="GetTablesAsync_UsesConnectorRegistry" />
    </UnitTest>
    <UnitTest name="ETL_SQL.LanguageServer.Tests.SystemIntegrationTests.Variable_Completion_Should_Include_Loop_Variables" storage="c:\users\chuck\scratch\etl-sql\tests\etl-sql.languageserver.tests\bin\debug\net10.0\etl-sql.languageserver.tests.dll" id="6abc7231-0b18-3ff0-9529-cf3d9e180013">
      <Execution id="e8032071-3117-48bc-b47c-41b1a90b1e96" />
      <TestMethod codeBase="C:\Users\chuck\scratch\ETL-SQL\tests\ETL-SQL.LanguageServer.Tests\bin\Debug\net10.0\ETL-SQL.LanguageServer.Tests.dll" adapterTypeName="executor://xunit/VsTestRunner2/netcoreapp" className="ETL_SQL.LanguageServer.Tests.SystemIntegrationTests" name="Variable_Completion_Should_Include_Loop_Variables" />
    </UnitTest>
    <UnitTest name="ETL_SQL.LanguageServer.Tests.MetadataManagerTests.RegisterConnection_AddsToGlobalConnections" storage="c:\users\chuck\scratch\etl-sql\tests\etl-sql.languageserver.tests\bin\debug\net10.0\etl-sql.languageserver.tests.dll" id="9ddf3e1b-21b6-3504-b632-eff9921dbf6b">
      <Execution id="17377430-9f59-48f3-88b0-fe01679da8b6" />
      <TestMethod codeBase="C:\Users\chuck\scratch\ETL-SQL\tests\ETL-SQL.LanguageServer.Tests\bin\Debug\net10.0\ETL-SQL.LanguageServer.Tests.dll" adapterTypeName="executor://xunit/VsTestRunner2/netcoreapp" className="ETL_SQL.LanguageServer.Tests.MetadataManagerTests" name="RegisterConnection_AddsToGlobalConnections" />
    </UnitTest>
    <UnitTest name="ETL_SQL.LanguageServer.Tests.MetadataManagerTests.RegisterDocumentConnection_ClearsCacheForThatDocument" storage="c:\users\chuck\scratch\etl-sql\tests\etl-sql.languageserver.tests\bin\debug\net10.0\etl-sql.languageserver.tests.dll" id="27fd2ac4-a568-ee27-c0c1-2adf5d401f61">
      <Execution id="06425181-5f9f-4792-ab4e-540dbe5caa0f" />
      <TestMethod codeBase="C:\Users\chuck\scratch\ETL-SQL\tests\ETL-SQL.LanguageServer.Tests\bin\Debug\net10.0\ETL-SQL.LanguageServer.Tests.dll" adapterTypeName="executor://xunit/VsTestRunner2/netcoreapp" className="ETL_SQL.LanguageServer.Tests.MetadataManagerTests" name="RegisterDocumentConnection_ClearsCacheForThatDocument" />
    </UnitTest>
    <UnitTest name="ETL_SQL.LanguageServer.Tests.SystemIntegrationTests.Completion_Should_Resolve_Aliases_And_Expand_Columns" storage="c:\users\chuck\scratch\etl-sql\tests\etl-sql.languageserver.tests\bin\debug\net10.0\etl-sql.languageserver.tests.dll" id="060238c0-c110-e243-38d2-1afa546fef38">
      <Execution id="c2ba02fd-3e87-4f2b-be89-d26706d7747f" />
      <TestMethod codeBase="C:\Users\chuck\scratch\ETL-SQL\tests\ETL-SQL.LanguageServer.Tests\bin\Debug\net10.0\ETL-SQL.LanguageServer.Tests.dll" adapterTypeName="executor://xunit/VsTestRunner2/netcoreapp" className="ETL_SQL.LanguageServer.Tests.SystemIntegrationTests" name="Completion_Should_Resolve_Aliases_And_Expand_Columns" />
    </UnitTest>
    <UnitTest name="ETL_SQL.LanguageServer.Tests.MetadataManagerTests.GetTablesAsync_CachesResults" storage="c:\users\chuck\scratch\etl-sql\tests\etl-sql.languageserver.tests\bin\debug\net10.0\etl-sql.languageserver.tests.dll" id="56c3def7-9549-e71c-03e1-deb7c93a4253">
      <Execution id="4b7de646-ec7b-4c3d-b4c2-2f6be8f597ea" />
      <TestMethod codeBase="C:\Users\chuck\scratch\ETL-SQL\tests\ETL-SQL.LanguageServer.Tests\bin\Debug\net10.0\ETL-SQL.LanguageServer.Tests.dll" adapterTypeName="executor://xunit/VsTestRunner2/netcoreapp" className="ETL_SQL.LanguageServer.Tests.MetadataManagerTests" name="GetTablesAsync_CachesResults" />
    </UnitTest>
    <UnitTest name="ETL_SQL.LanguageServer.Tests.LanguageServerSmokeTests.Server_Should_Initialize_Without_DI_Errors" storage="c:\users\chuck\scratch\etl-sql\tests\etl-sql.languageserver.tests\bin\debug\net10.0\etl-sql.languageserver.tests.dll" id="39aa99ea-ac61-b32a-8eab-19ec8f084cce">
      <Execution id="3906e437-4f04-40bf-8ce3-59ca1731db54" />
      <TestMethod codeBase="C:\Users\chuck\scratch\ETL-SQL\tests\ETL-SQL.LanguageServer.Tests\bin\Debug\net10.0\ETL-SQL.LanguageServer.Tests.dll" adapterTypeName="executor://xunit/VsTestRunner2/netcoreapp" className="ETL_SQL.LanguageServer.Tests.LanguageServerSmokeTests" name="Server_Should_Initialize_Without_DI_Errors" />
    </UnitTest>
    <UnitTest name="ETL_SQL.LanguageServer.Tests.MetadataManagerTests.RegisterDocumentConnection_IsolatesToDoc" storage="c:\users\chuck\scratch\etl-sql\tests\etl-sql.languageserver.tests\bin\debug\net10.0\etl-sql.languageserver.tests.dll" id="a70d5380-4566-f836-3276-4f80ba9a9f6a">
      <Execution id="04e2f95a-0c0e-45ff-a273-8d98b90cd38f" />
      <TestMethod codeBase="C:\Users\chuck\scratch\ETL-SQL\tests\ETL-SQL.LanguageServer.Tests\bin\Debug\net10.0\ETL-SQL.LanguageServer.Tests.dll" adapterTypeName="executor://xunit/VsTestRunner2/netcoreapp" className="ETL_SQL.LanguageServer.Tests.MetadataManagerTests" name="RegisterDocumentConnection_IsolatesToDoc" />
    </UnitTest>
    <UnitTest name="ETL_SQL.LanguageServer.Tests.MetadataManagerTests.ClearDocumentConnections_RemovesOnlySpecificDoc" storage="c:\users\chuck\scratch\etl-sql\tests\etl-sql.languageserver.tests\bin\debug\net10.0\etl-sql.languageserver.tests.dll" id="276e1aad-81a6-a26c-4854-bdf925336fe7">
      <Execution id="973e280a-dd02-4852-8f05-31df3200d176" />
      <TestMethod codeBase="C:\Users\chuck\scratch\ETL-SQL\tests\ETL-SQL.LanguageServer.Tests\bin\Debug\net10.0\ETL-SQL.LanguageServer.Tests.dll" adapterTypeName="executor://xunit/VsTestRunner2/netcoreapp" className="ETL_SQL.LanguageServer.Tests.MetadataManagerTests" name="ClearDocumentConnections_RemovesOnlySpecificDoc" />
    </UnitTest>
  </TestDefinitions>
  <TestEntries>
    <TestEntry testId="6abc7231-0b18-3ff0-9529-cf3d9e180013" executionId="e8032071-3117-48bc-b47c-41b1a90b1e96" testListId="8c84fa94-04c1-424b-9868-57a2d4851a1d" />
    <TestEntry testId="56c3def7-9549-e71c-03e1-deb7c93a4253" executionId="4b7de646-ec7b-4c3d-b4c2-2f6be8f597ea" testListId="8c84fa94-04c1-424b-9868-57a2d4851a1d" />
    <TestEntry testId="27fd2ac4-a568-ee27-c0c1-2adf5d401f61" executionId="06425181-5f9f-4792-ab4e-540dbe5caa0f" testListId="8c84fa94-04c1-424b-9868-57a2d4851a1d" />
    <TestEntry testId="276e1aad-81a6-a26c-4854-bdf925336fe7" executionId="973e280a-dd02-4852-8f05-31df3200d176" testListId="8c84fa94-04c1-424b-9868-57a2d4851a1d" />
    <TestEntry testId="a70d5380-4566-f836-3276-4f80ba9a9f6a" executionId="04e2f95a-0c0e-45ff-a273-8d98b90cd38f" testListId="8c84fa94-04c1-424b-9868-57a2d4851a1d" />
    <TestEntry testId="39aa99ea-ac61-b32a-8eab-19ec8f084cce" executionId="3906e437-4f04-40bf-8ce3-59ca1731db54" testListId="8c84fa94-04c1-424b-9868-57a2d4851a1d" />
    <TestEntry testId="0af9f0f9-6a05-861c-5b92-fd7030e81cfd" executionId="3acad7df-e216-4f43-bb5c-9b2373f9130b" testListId="8c84fa94-04c1-424b-9868-57a2d4851a1d" />
    <TestEntry testId="9ddf3e1b-21b6-3504-b632-eff9921dbf6b" executionId="17377430-9f59-48f3-88b0-fe01679da8b6" testListId="8c84fa94-04c1-424b-9868-57a2d4851a1d" />
    <TestEntry testId="060238c0-c110-e243-38d2-1afa546fef38" executionId="c2ba02fd-3e87-4f2b-be89-d26706d7747f" testListId="8c84fa94-04c1-424b-9868-57a2d4851a1d" />
  </TestEntries>
  <TestLists>
    <TestList name="Results Not in a List" id="8c84fa94-04c1-424b-9868-57a2d4851a1d" />
    <TestList name="All Loaded Results" id="19431567-8539-422a-85d7-44ee4e166bda" />
  </TestLists>
  <ResultSummary outcome="Completed">
    <Counters total="9" executed="9" passed="9" failed="0" error="0" timeout="0" aborted="0" inconclusive="0" passedButRunAborted="0" notRunnable="0" notExecuted="0" disconnected="0" warning="0" completed="0" inProgress="0" pending="0" />
    <Output>
      <StdOut>[xUnit.net 00:00:00.00] xUnit.net VSTest Adapter v2.8.2+699d445a1a (64-bit .NET 10.0.6)&#xD;
[xUnit.net 00:00:00.06]   Discovering: ETL-SQL.LanguageServer.Tests&#xD;
[xUnit.net 00:00:00.11]   Discovered:  ETL-SQL.LanguageServer.Tests&#xD;
[xUnit.net 00:00:00.11]   Starting:    ETL-SQL.LanguageServer.Tests&#xD;
info: ETL_SQL.LSP.TextDocumentHandler[0]&#xD;
      TextDocumentHandler initialized.&#xD;
info: ETL_SQL.LSP.TextDocumentHandler[0]&#xD;
      Analyzing untitled:Untitled-1.&#xD;
info: ETL_SQL.LSP.MetadataManager[0]&#xD;
      Registered document connection m for untitled:Untitled-1 (Normalized: untitled:untitled-1)&#xD;
info: ETL_SQL.LSP.TextDocumentHandler[0]&#xD;
      Pushing 1 connections to client for untitled:Untitled-1&#xD;
info: ETL_SQL.LSP.TextDocumentHandler[0]&#xD;
      Analysis complete for untitled:Untitled-1. Lineage entries: 1&#xD;
info: ETL_SQL.LSP.CompletionProvider[0]&#xD;
      LSP: Completion Parts: first='u', second=''&#xD;
info: ETL_SQL.LSP.CompletionProvider[0]&#xD;
      LSP: Fetching columns for m.Users&#xD;
info: ETL_SQL.LSP.TextDocumentHandler[0]&#xD;
      Analyzing untitled:Untitled-1.&#xD;
info: ETL_SQL.LSP.MetadataManager[0]&#xD;
      Registered document connection m for untitled:Untitled-1 (Normalized: untitled:untitled-1)&#xD;
info: ETL_SQL.LSP.TextDocumentHandler[0]&#xD;
      Pushing 1 connections to client for untitled:Untitled-1&#xD;
info: ETL_SQL.LSP.TextDocumentHandler[0]&#xD;
      Analysis complete for untitled:Untitled-1. Lineage entries: 1&#xD;
info: ETL_SQL.LSP.CompletionProvider[0]&#xD;
      LSP: Completion Parts: first='u', second='*'&#xD;
info: ETL_SQL.LSP.CompletionProvider[0]&#xD;
      LSP: Fetching columns for m.Users&#xD;
info: ETL_SQL.LSP.TextDocumentHandler[0]&#xD;
      Analyzing untitled:Untitled-1.&#xD;
info: ETL_SQL.LSP.MetadataManager[0]&#xD;
      Registered document connection m for untitled:Untitled-1 (Normalized: untitled:untitled-1)&#xD;
info: ETL_SQL.LSP.TextDocumentHandler[0]&#xD;
      Pushing 1 connections to client for untitled:Untitled-1&#xD;
info: ETL_SQL.LSP.TextDocumentHandler[0]&#xD;
      Analysis complete for untitled:Untitled-1. Lineage entries: 1&#xD;
info: ETL_SQL.LSP.TextDocumentHandler[0]&#xD;
      TextDocumentHandler initialized.&#xD;
info: ETL_SQL.LSP.TextDocumentHandler[0]&#xD;
      Analyzing untitled:Untitled-2.&#xD;
info: ETL_SQL.LSP.TextDocumentHandler[0]&#xD;
      Pushing 0 connections to client for untitled:Untitled-2&#xD;
info: ETL_SQL.LSP.TextDocumentHandler[0]&#xD;
      Analysis complete for untitled:Untitled-2. Lineage entries: 1&#xD;
[xUnit.net 00:00:03.38]   Finished:    ETL-SQL.LanguageServer.Tests&#xD;
</StdOut>
    </Output>
  </ResultSummary>
</TestRun>