<?xml version="1.0" encoding="utf-8"?>
<TestRun id="947929c0-ce47-43f7-996b-1208c8ebe35a" name="chuck@CHUCKPC 2026-03-30 13:53:49" runUser="CHUCKPC\chuck" xmlns="http://microsoft.com/schemas/VisualStudio/TeamTest/2010">
  <Times creation="2026-03-30T13:53:49.7201710-05:00" queuing="2026-03-30T13:53:49.7201711-05:00" start="2026-03-30T13:53:47.9777579-05:00" finish="2026-03-30T13:53:50.5153041-05:00" />
  <TestSettings name="default" id="05305f5a-16c3-45f6-9aab-b4be9b830b34">
    <Deployment runDeploymentRoot="chuck_CHUCKPC_2026-03-30_13_53_49" />
  </TestSettings>
  <Results>
    <UnitTestResult executionId="c5a32349-8543-4ad4-ac0b-cec052d1fd20" testId="27fd2ac4-a568-ee27-c0c1-2adf5d401f61" testName="ETL_SQL.LanguageServer.Tests.MetadataManagerTests.RegisterDocumentConnection_ClearsCacheForThatDocument" computerName="CHUCKPC" duration="00:00:00.0590578" startTime="2026-03-30T13:53:48.3646250-05:00" endTime="2026-03-30T13:53:48.3646254-05:00" testType="13cdc9d9-ddb5-4fa4-a97d-d965ccfc6d4b" outcome="Passed" testListId="8c84fa94-04c1-424b-9868-57a2d4851a1d" relativeResultsDirectory="c5a32349-8543-4ad4-ac0b-cec052d1fd20" />
    <UnitTestResult executionId="6c65c047-f2fa-433e-bdc8-bbdd702df43c" testId="a1fa2a13-096d-5583-4fd8-e9e3be61adb7" testName="ETL_SQL.LanguageServer.Tests.UnitTest1.Test1" computerName="CHUCKPC" duration="00:00:00.0017114" startTime="2026-03-30T13:53:48.3113467-05:00" endTime="2026-03-30T13:53:48.3114083-05:00" testType="13cdc9d9-ddb5-4fa4-a97d-d965ccfc6d4b" outcome="Passed" testListId="8c84fa94-04c1-424b-9868-57a2d4851a1d" relativeResultsDirectory="6c65c047-f2fa-433e-bdc8-bbdd702df43c" />
    <UnitTestResult executionId="2fe3c7b9-238e-4f1d-8e37-37dc1d1d3a02" testId="56c3def7-9549-e71c-03e1-deb7c93a4253" testName="ETL_SQL.LanguageServer.Tests.MetadataManagerTests.GetTablesAsync_CachesResults" computerName="CHUCKPC" duration="00:00:00.0010186" startTime="2026-03-30T13:53:48.3770319-05:00" endTime="2026-03-30T13:53:48.3770319-05:00" testType="13cdc9d9-ddb5-4fa4-a97d-d965ccfc6d4b" outcome="Passed" testListId="8c84fa94-04c1-424b-9868-57a2d4851a1d" relativeResultsDirectory="2fe3c7b9-238e-4f1d-8e37-37dc1d1d3a02" />
    <UnitTestResult executionId="c665686b-0704-4516-8708-e1ad0e465a6d" testId="9ddf3e1b-21b6-3504-b632-eff9921dbf6b" testName="ETL_SQL.LanguageServer.Tests.MetadataManagerTests.RegisterConnection_AddsToGlobalConnections" computerName="CHUCKPC" duration="00:00:00.0024275" startTime="2026-03-30T13:53:48.3670996-05:00" endTime="2026-03-30T13:53:48.3670997-05:00" testType="13cdc9d9-ddb5-4fa4-a97d-d965ccfc6d4b" outcome="Passed" testListId="8c84fa94-04c1-424b-9868-57a2d4851a1d" relativeResultsDirectory="c665686b-0704-4516-8708-e1ad0e465a6d" />
    <UnitTestResult executionId="34d4868b-f8bb-48da-af11-2928135b9e86" testId="0af9f0f9-6a05-861c-5b92-fd7030e81cfd" testName="ETL_SQL.LanguageServer.Tests.MetadataManagerTests.GetTablesAsync_UsesConnectorRegistry" computerName="CHUCKPC" duration="00:00:00.0067231" startTime="2026-03-30T13:53:48.3738826-05:00" endTime="2026-03-30T13:53:48.3738829-05:00" testType="13cdc9d9-ddb5-4fa4-a97d-d965ccfc6d4b" outcome="Passed" testListId="8c84fa94-04c1-424b-9868-57a2d4851a1d" relativeResultsDirectory="34d4868b-f8bb-48da-af11-2928135b9e86" />
    <UnitTestResult executionId="ec4fe7b7-7a67-459c-be04-6858b74c59d9" testId="276e1aad-81a6-a26c-4854-bdf925336fe7" testName="ETL_SQL.LanguageServer.Tests.MetadataManagerTests.ClearDocumentConnections_RemovesOnlySpecificDoc" computerName="CHUCKPC" duration="00:00:00.0006981" startTime="2026-03-30T13:53:48.3759678-05:00" endTime="2026-03-30T13:53:48.3759679-05:00" testType="13cdc9d9-ddb5-4fa4-a97d-d965ccfc6d4b" outcome="Passed" testListId="8c84fa94-04c1-424b-9868-57a2d4851a1d" relativeResultsDirectory="ec4fe7b7-7a67-459c-be04-6858b74c59d9" />
    <UnitTestResult executionId="5a100159-b754-42e6-b493-4573046c53ee" testId="a70d5380-4566-f836-3276-4f80ba9a9f6a" testName="ETL_SQL.LanguageServer.Tests.MetadataManagerTests.RegisterDocumentConnection_IsolatesToDoc" computerName="CHUCKPC" duration="00:00:00.0013054" startTime="2026-03-30T13:53:48.3752392-05:00" endTime="2026-03-30T13:53:48.3752394-05:00" testType="13cdc9d9-ddb5-4fa4-a97d-d965ccfc6d4b" outcome="Passed" testListId="8c84fa94-04c1-424b-9868-57a2d4851a1d" relativeResultsDirectory="5a100159-b754-42e6-b493-4573046c53ee" />
    <UnitTestResult executionId="305fa257-e755-48f0-af26-a42429319d28" testId="060238c0-c110-e243-38d2-1afa546fef38" testName="ETL_SQL.LanguageServer.Tests.SystemIntegrationTests.Completion_Should_Resolve_Aliases_And_Expand_Columns" computerName="CHUCKPC" duration="00:00:00.0838118" startTime="2026-03-30T13:53:48.3986693-05:00" endTime="2026-03-30T13:53:48.3986696-05:00" testType="13cdc9d9-ddb5-4fa4-a97d-d965ccfc6d4b" outcome="Failed" testListId="8c84fa94-04c1-424b-9868-57a2d4851a1d" relativeResultsDirectory="305fa257-e755-48f0-af26-a42429319d28">
      <Output>
        <StdOut>Analyzing script...&#xD;
Connections found: m&#xD;
Requesting completion at line 1, col 9...&#xD;
Completion items returned: 0</StdOut>
        <ErrorInfo>
          <Message>Assert.Contains() Failure: Filter not matched in collection&#xD;
Collection: []</Message>
          <StackTrace>   at ETL_SQL.LanguageServer.Tests.SystemIntegrationTests.Completion_Should_Resolve_Aliases_And_Expand_Columns() in C:\Users\chuck\scratch\ETL-SQL\tests\ETL-SQL.LanguageServer.Tests\SystemIntegrationTests.cs:line 71&#xD;
--- End of stack trace from previous location ---</StackTrace>
        </ErrorInfo>
      </Output>
    </UnitTestResult>
    <UnitTestResult executionId="b5534714-2532-4680-9577-50ba76e1b55a" testId="39aa99ea-ac61-b32a-8eab-19ec8f084cce" testName="ETL_SQL.LanguageServer.Tests.LanguageServerSmokeTests.Server_Should_Initialize_Without_DI_Errors" computerName="CHUCKPC" duration="00:00:02.1646369" startTime="2026-03-30T13:53:50.4734372-05:00" endTime="2026-03-30T13:53:50.4734377-05:00" testType="13cdc9d9-ddb5-4fa4-a97d-d965ccfc6d4b" outcome="Passed" testListId="8c84fa94-04c1-424b-9868-57a2d4851a1d" relativeResultsDirectory="b5534714-2532-4680-9577-50ba76e1b55a" />
  </Results>
  <TestDefinitions>
    <UnitTest name="ETL_SQL.LanguageServer.Tests.MetadataManagerTests.GetTablesAsync_UsesConnectorRegistry" storage="c:\users\chuck\scratch\etl-sql\tests\etl-sql.languageserver.tests\bin\debug\net10.0\etl-sql.languageserver.tests.dll" id="0af9f0f9-6a05-861c-5b92-fd7030e81cfd">
      <Execution id="34d4868b-f8bb-48da-af11-2928135b9e86" />
      <TestMethod codeBase="C:\Users\chuck\scratch\ETL-SQL\tests\ETL-SQL.LanguageServer.Tests\bin\Debug\net10.0\ETL-SQL.LanguageServer.Tests.dll" adapterTypeName="executor://xunit/VsTestRunner2/netcoreapp" className="ETL_SQL.LanguageServer.Tests.MetadataManagerTests" name="GetTablesAsync_UsesConnectorRegistry" />
    </UnitTest>
    <UnitTest name="ETL_SQL.LanguageServer.Tests.MetadataManagerTests.RegisterConnection_AddsToGlobalConnections" storage="c:\users\chuck\scratch\etl-sql\tests\etl-sql.languageserver.tests\bin\debug\net10.0\etl-sql.languageserver.tests.dll" id="9ddf3e1b-21b6-3504-b632-eff9921dbf6b">
      <Execution id="c665686b-0704-4516-8708-e1ad0e465a6d" />
      <TestMethod codeBase="C:\Users\chuck\scratch\ETL-SQL\tests\ETL-SQL.LanguageServer.Tests\bin\Debug\net10.0\ETL-SQL.LanguageServer.Tests.dll" adapterTypeName="executor://xunit/VsTestRunner2/netcoreapp" className="ETL_SQL.LanguageServer.Tests.MetadataManagerTests" name="RegisterConnection_AddsToGlobalConnections" />
    </UnitTest>
    <UnitTest name="ETL_SQL.LanguageServer.Tests.UnitTest1.Test1" storage="c:\users\chuck\scratch\etl-sql\tests\etl-sql.languageserver.tests\bin\debug\net10.0\etl-sql.languageserver.tests.dll" id="a1fa2a13-096d-5583-4fd8-e9e3be61adb7">
      <Execution id="6c65c047-f2fa-433e-bdc8-bbdd702df43c" />
      <TestMethod codeBase="C:\Users\chuck\scratch\ETL-SQL\tests\ETL-SQL.LanguageServer.Tests\bin\Debug\net10.0\ETL-SQL.LanguageServer.Tests.dll" adapterTypeName="executor://xunit/VsTestRunner2/netcoreapp" className="ETL_SQL.LanguageServer.Tests.UnitTest1" name="Test1" />
    </UnitTest>
    <UnitTest name="ETL_SQL.LanguageServer.Tests.MetadataManagerTests.RegisterDocumentConnection_ClearsCacheForThatDocument" storage="c:\users\chuck\scratch\etl-sql\tests\etl-sql.languageserver.tests\bin\debug\net10.0\etl-sql.languageserver.tests.dll" id="27fd2ac4-a568-ee27-c0c1-2adf5d401f61">
      <Execution id="c5a32349-8543-4ad4-ac0b-cec052d1fd20" />
      <TestMethod codeBase="C:\Users\chuck\scratch\ETL-SQL\tests\ETL-SQL.LanguageServer.Tests\bin\Debug\net10.0\ETL-SQL.LanguageServer.Tests.dll" adapterTypeName="executor://xunit/VsTestRunner2/netcoreapp" className="ETL_SQL.LanguageServer.Tests.MetadataManagerTests" name="RegisterDocumentConnection_ClearsCacheForThatDocument" />
    </UnitTest>
    <UnitTest name="ETL_SQL.LanguageServer.Tests.SystemIntegrationTests.Completion_Should_Resolve_Aliases_And_Expand_Columns" storage="c:\users\chuck\scratch\etl-sql\tests\etl-sql.languageserver.tests\bin\debug\net10.0\etl-sql.languageserver.tests.dll" id="060238c0-c110-e243-38d2-1afa546fef38">
      <Execution id="305fa257-e755-48f0-af26-a42429319d28" />
      <TestMethod codeBase="C:\Users\chuck\scratch\ETL-SQL\tests\ETL-SQL.LanguageServer.Tests\bin\Debug\net10.0\ETL-SQL.LanguageServer.Tests.dll" adapterTypeName="executor://xunit/VsTestRunner2/netcoreapp" className="ETL_SQL.LanguageServer.Tests.SystemIntegrationTests" name="Completion_Should_Resolve_Aliases_And_Expand_Columns" />
    </UnitTest>
    <UnitTest name="ETL_SQL.LanguageServer.Tests.MetadataManagerTests.GetTablesAsync_CachesResults" storage="c:\users\chuck\scratch\etl-sql\tests\etl-sql.languageserver.tests\bin\debug\net10.0\etl-sql.languageserver.tests.dll" id="56c3def7-9549-e71c-03e1-deb7c93a4253">
      <Execution id="2fe3c7b9-238e-4f1d-8e37-37dc1d1d3a02" />
      <TestMethod codeBase="C:\Users\chuck\scratch\ETL-SQL\tests\ETL-SQL.LanguageServer.Tests\bin\Debug\net10.0\ETL-SQL.LanguageServer.Tests.dll" adapterTypeName="executor://xunit/VsTestRunner2/netcoreapp" className="ETL_SQL.LanguageServer.Tests.MetadataManagerTests" name="GetTablesAsync_CachesResults" />
    </UnitTest>
    <UnitTest name="ETL_SQL.LanguageServer.Tests.LanguageServerSmokeTests.Server_Should_Initialize_Without_DI_Errors" storage="c:\users\chuck\scratch\etl-sql\tests\etl-sql.languageserver.tests\bin\debug\net10.0\etl-sql.languageserver.tests.dll" id="39aa99ea-ac61-b32a-8eab-19ec8f084cce">
      <Execution id="b5534714-2532-4680-9577-50ba76e1b55a" />
      <TestMethod codeBase="C:\Users\chuck\scratch\ETL-SQL\tests\ETL-SQL.LanguageServer.Tests\bin\Debug\net10.0\ETL-SQL.LanguageServer.Tests.dll" adapterTypeName="executor://xunit/VsTestRunner2/netcoreapp" className="ETL_SQL.LanguageServer.Tests.LanguageServerSmokeTests" name="Server_Should_Initialize_Without_DI_Errors" />
    </UnitTest>
    <UnitTest name="ETL_SQL.LanguageServer.Tests.MetadataManagerTests.RegisterDocumentConnection_IsolatesToDoc" storage="c:\users\chuck\scratch\etl-sql\tests\etl-sql.languageserver.tests\bin\debug\net10.0\etl-sql.languageserver.tests.dll" id="a70d5380-4566-f836-3276-4f80ba9a9f6a">
      <Execution id="5a100159-b754-42e6-b493-4573046c53ee" />
      <TestMethod codeBase="C:\Users\chuck\scratch\ETL-SQL\tests\ETL-SQL.LanguageServer.Tests\bin\Debug\net10.0\ETL-SQL.LanguageServer.Tests.dll" adapterTypeName="executor://xunit/VsTestRunner2/netcoreapp" className="ETL_SQL.LanguageServer.Tests.MetadataManagerTests" name="RegisterDocumentConnection_IsolatesToDoc" />
    </UnitTest>
    <UnitTest name="ETL_SQL.LanguageServer.Tests.MetadataManagerTests.ClearDocumentConnections_RemovesOnlySpecificDoc" storage="c:\users\chuck\scratch\etl-sql\tests\etl-sql.languageserver.tests\bin\debug\net10.0\etl-sql.languageserver.tests.dll" id="276e1aad-81a6-a26c-4854-bdf925336fe7">
      <Execution id="ec4fe7b7-7a67-459c-be04-6858b74c59d9" />
      <TestMethod codeBase="C:\Users\chuck\scratch\ETL-SQL\tests\ETL-SQL.LanguageServer.Tests\bin\Debug\net10.0\ETL-SQL.LanguageServer.Tests.dll" adapterTypeName="executor://xunit/VsTestRunner2/netcoreapp" className="ETL_SQL.LanguageServer.Tests.MetadataManagerTests" name="ClearDocumentConnections_RemovesOnlySpecificDoc" />
    </UnitTest>
  </TestDefinitions>
  <TestEntries>
    <TestEntry testId="27fd2ac4-a568-ee27-c0c1-2adf5d401f61" executionId="c5a32349-8543-4ad4-ac0b-cec052d1fd20" testListId="8c84fa94-04c1-424b-9868-57a2d4851a1d" />
    <TestEntry testId="a1fa2a13-096d-5583-4fd8-e9e3be61adb7" executionId="6c65c047-f2fa-433e-bdc8-bbdd702df43c" testListId="8c84fa94-04c1-424b-9868-57a2d4851a1d" />
    <TestEntry testId="56c3def7-9549-e71c-03e1-deb7c93a4253" executionId="2fe3c7b9-238e-4f1d-8e37-37dc1d1d3a02" testListId="8c84fa94-04c1-424b-9868-57a2d4851a1d" />
    <TestEntry testId="9ddf3e1b-21b6-3504-b632-eff9921dbf6b" executionId="c665686b-0704-4516-8708-e1ad0e465a6d" testListId="8c84fa94-04c1-424b-9868-57a2d4851a1d" />
    <TestEntry testId="0af9f0f9-6a05-861c-5b92-fd7030e81cfd" executionId="34d4868b-f8bb-48da-af11-2928135b9e86" testListId="8c84fa94-04c1-424b-9868-57a2d4851a1d" />
    <TestEntry testId="276e1aad-81a6-a26c-4854-bdf925336fe7" executionId="ec4fe7b7-7a67-459c-be04-6858b74c59d9" testListId="8c84fa94-04c1-424b-9868-57a2d4851a1d" />
    <TestEntry testId="a70d5380-4566-f836-3276-4f80ba9a9f6a" executionId="5a100159-b754-42e6-b493-4573046c53ee" testListId="8c84fa94-04c1-424b-9868-57a2d4851a1d" />
    <TestEntry testId="060238c0-c110-e243-38d2-1afa546fef38" executionId="305fa257-e755-48f0-af26-a42429319d28" testListId="8c84fa94-04c1-424b-9868-57a2d4851a1d" />
    <TestEntry testId="39aa99ea-ac61-b32a-8eab-19ec8f084cce" executionId="b5534714-2532-4680-9577-50ba76e1b55a" testListId="8c84fa94-04c1-424b-9868-57a2d4851a1d" />
  </TestEntries>
  <TestLists>
    <TestList name="Results Not in a List" id="8c84fa94-04c1-424b-9868-57a2d4851a1d" />
    <TestList name="All Loaded Results" id="19431567-8539-422a-85d7-44ee4e166bda" />
  </TestLists>
  <ResultSummary outcome="Failed">
    <Counters total="9" executed="9" passed="8" failed="1" error="0" timeout="0" aborted="0" inconclusive="0" passedButRunAborted="0" notRunnable="0" notExecuted="0" disconnected="0" warning="0" completed="0" inProgress="0" pending="0" />
    <Output>
      <StdOut>[xUnit.net 00:00:00.00] xUnit.net VSTest Adapter v2.8.2+699d445a1a (64-bit .NET 10.0.5)&#xD;
[xUnit.net 00:00:00.04]   Discovering: ETL-SQL.LanguageServer.Tests&#xD;
[xUnit.net 00:00:00.06]   Discovered:  ETL-SQL.LanguageServer.Tests&#xD;
[xUnit.net 00:00:00.06]   Starting:    ETL-SQL.LanguageServer.Tests&#xD;
info: ETL_SQL.LSP.TextDocumentHandler[0]&#xD;
      TextDocumentHandler initialized with DI (lazy server binding).&#xD;
info: ETL_SQL.LSP.TextDocumentHandler[0]&#xD;
      Analyzing document: untitled:Untitled-1. Start.&#xD;
LSP: Syntax error in Parser: Unexpected token DOT ('.') at line 2, col 17 at 2:17&#xD;
info: ETL_SQL.LSP.MetadataManager[0]&#xD;
      Registered document connection m for untitled:Untitled-1 (Normalized: untitled:untitled-1)&#xD;
info: ETL_SQL.LSP.TextDocumentHandler[0]&#xD;
      Pushing 1 connections to client for untitled:Untitled-1&#xD;
info: ETL_SQL.LSP.TextDocumentHandler[0]&#xD;
      Analysis complete for untitled:Untitled-1. Entries in tracker: 1&#xD;
[xUnit.net 00:00:00.18]       Assert.Contains() Failure: Filter not matched in collection&#xD;
[xUnit.net 00:00:00.18]       Collection: []&#xD;
[xUnit.net 00:00:00.18]       Stack Trace:&#xD;
[xUnit.net 00:00:00.18]         C:\Users\chuck\scratch\ETL-SQL\tests\ETL-SQL.LanguageServer.Tests\SystemIntegrationTests.cs(71,0): at ETL_SQL.LanguageServer.Tests.SystemIntegrationTests.Completion_Should_Resolve_Aliases_And_Expand_Columns()&#xD;
[xUnit.net 00:00:00.18]         --- End of stack trace from previous location ---&#xD;
[xUnit.net 00:00:00.18]       Output:&#xD;
[xUnit.net 00:00:00.18]         Analyzing script...&#xD;
[xUnit.net 00:00:00.18]         Connections found: m&#xD;
[xUnit.net 00:00:00.18]         Requesting completion at line 1, col 9...&#xD;
[xUnit.net 00:00:00.18]         Completion items returned: 0&#xD;
[xUnit.net 00:00:02.26]   Finished:    ETL-SQL.LanguageServer.Tests&#xD;
</StdOut>
    </Output>
    <RunInfos>
      <RunInfo computerName="CHUCKPC" outcome="Error" timestamp="2026-03-30T13:53:48.3975768-05:00">
        <Text>[xUnit.net 00:00:00.18]     ETL_SQL.LanguageServer.Tests.SystemIntegrationTests.Completion_Should_Resolve_Aliases_And_Expand_Columns [FAIL]</Text>
      </RunInfo>
    </RunInfos>
  </ResultSummary>
</TestRun>