<?xml version="1.0" encoding="utf-8"?>
<TestRun id="91a7337a-aacf-4652-9de8-26ec20bcf585" name="chuck@CHUCKPC 2026-03-30 13:53:59" runUser="CHUCKPC\chuck" xmlns="http://microsoft.com/schemas/VisualStudio/TeamTest/2010">
  <Times creation="2026-03-30T13:53:59.0564867-05:00" queuing="2026-03-30T13:53:59.0564869-05:00" start="2026-03-30T13:53:48.0147446-05:00" finish="2026-03-30T13:55:52.6257793-05:00" />
  <TestSettings name="default" id="52f3241f-e9a1-48dc-b93d-f827d98f3c86">
    <Deployment runDeploymentRoot="chuck_CHUCKPC_2026-03-30_13_53_59" />
  </TestSettings>
  <Results>
    <UnitTestResult executionId="c6e5741a-7a6e-4b9a-b8e6-51e73d06dccd" testId="c6384712-611b-ff45-bd6d-8e33eee863c0" testName="ETL_SQL.Tests.PerformanceTests.TestMultiColumnHashJoin" computerName="CHUCKPC" duration="00:00:00.1596353" startTime="2026-03-30T13:55:52.5744427-05:00" endTime="2026-03-30T13:55:52.5744428-05:00" testType="13cdc9d9-ddb5-4fa4-a97d-d965ccfc6d4b" outcome="Passed" testListId="8c84fa94-04c1-424b-9868-57a2d4851a1d" relativeResultsDirectory="c6e5741a-7a6e-4b9a-b8e6-51e73d06dccd" />
    <UnitTestResult executionId="19270317-3366-46b2-9392-c381ae60340e" testId="a6571ef7-e3af-300d-a1f5-ed6d97a6b1c1" testName="ETL_SQL.Tests.PerformanceTests.TestLargeDatasetMemory" computerName="CHUCKPC" duration="00:00:10.6993241" startTime="2026-03-30T13:53:59.0392379-05:00" endTime="2026-03-30T13:53:59.0392597-05:00" testType="13cdc9d9-ddb5-4fa4-a97d-d965ccfc6d4b" outcome="Passed" testListId="8c84fa94-04c1-424b-9868-57a2d4851a1d" relativeResultsDirectory="19270317-3366-46b2-9392-c381ae60340e" />
    <UnitTestResult executionId="58e55f18-75aa-4a6a-8d7b-20627c3ab12e" testId="d255ad1a-e9b8-2e58-5c57-deb55c5e9661" testName="ETL_SQL.Tests.PerformanceTests.TestLargeJoinPerformance" computerName="CHUCKPC" duration="00:01:53.3756053" startTime="2026-03-30T13:55:52.4146008-05:00" endTime="2026-03-30T13:55:52.4146012-05:00" testType="13cdc9d9-ddb5-4fa4-a97d-d965ccfc6d4b" outcome="Passed" testListId="8c84fa94-04c1-424b-9868-57a2d4851a1d" relativeResultsDirectory="58e55f18-75aa-4a6a-8d7b-20627c3ab12e" />
  </Results>
  <TestDefinitions>
    <UnitTest name="ETL_SQL.Tests.PerformanceTests.TestLargeDatasetMemory" storage="c:\users\chuck\scratch\etl-sql\tests\etl-sql.perftests\bin\debug\net10.0\etl-sql.perftests.dll" id="a6571ef7-e3af-300d-a1f5-ed6d97a6b1c1">
      <Execution id="19270317-3366-46b2-9392-c381ae60340e" />
      <TestMethod codeBase="C:\Users\chuck\scratch\ETL-SQL\tests\ETL-SQL.PerfTests\bin\Debug\net10.0\ETL-SQL.PerfTests.dll" adapterTypeName="executor://xunit/VsTestRunner2/netcoreapp" className="ETL_SQL.Tests.PerformanceTests" name="TestLargeDatasetMemory" />
    </UnitTest>
    <UnitTest name="ETL_SQL.Tests.PerformanceTests.TestLargeJoinPerformance" storage="c:\users\chuck\scratch\etl-sql\tests\etl-sql.perftests\bin\debug\net10.0\etl-sql.perftests.dll" id="d255ad1a-e9b8-2e58-5c57-deb55c5e9661">
      <Execution id="58e55f18-75aa-4a6a-8d7b-20627c3ab12e" />
      <TestMethod codeBase="C:\Users\chuck\scratch\ETL-SQL\tests\ETL-SQL.PerfTests\bin\Debug\net10.0\ETL-SQL.PerfTests.dll" adapterTypeName="executor://xunit/VsTestRunner2/netcoreapp" className="ETL_SQL.Tests.PerformanceTests" name="TestLargeJoinPerformance" />
    </UnitTest>
    <UnitTest name="ETL_SQL.Tests.PerformanceTests.TestMultiColumnHashJoin" storage="c:\users\chuck\scratch\etl-sql\tests\etl-sql.perftests\bin\debug\net10.0\etl-sql.perftests.dll" id="c6384712-611b-ff45-bd6d-8e33eee863c0">
      <Execution id="c6e5741a-7a6e-4b9a-b8e6-51e73d06dccd" />
      <TestMethod codeBase="C:\Users\chuck\scratch\ETL-SQL\tests\ETL-SQL.PerfTests\bin\Debug\net10.0\ETL-SQL.PerfTests.dll" adapterTypeName="executor://xunit/VsTestRunner2/netcoreapp" className="ETL_SQL.Tests.PerformanceTests" name="TestMultiColumnHashJoin" />
    </UnitTest>
  </TestDefinitions>
  <TestEntries>
    <TestEntry testId="c6384712-611b-ff45-bd6d-8e33eee863c0" executionId="c6e5741a-7a6e-4b9a-b8e6-51e73d06dccd" testListId="8c84fa94-04c1-424b-9868-57a2d4851a1d" />
    <TestEntry testId="a6571ef7-e3af-300d-a1f5-ed6d97a6b1c1" executionId="19270317-3366-46b2-9392-c381ae60340e" testListId="8c84fa94-04c1-424b-9868-57a2d4851a1d" />
    <TestEntry testId="d255ad1a-e9b8-2e58-5c57-deb55c5e9661" executionId="58e55f18-75aa-4a6a-8d7b-20627c3ab12e" testListId="8c84fa94-04c1-424b-9868-57a2d4851a1d" />
  </TestEntries>
  <TestLists>
    <TestList name="Results Not in a List" id="8c84fa94-04c1-424b-9868-57a2d4851a1d" />
    <TestList name="All Loaded Results" id="19431567-8539-422a-85d7-44ee4e166bda" />
  </TestLists>
  <ResultSummary outcome="Completed">
    <Counters total="3" executed="3" passed="3" failed="0" error="0" timeout="0" aborted="0" inconclusive="0" passedButRunAborted="0" notRunnable="0" notExecuted="0" disconnected="0" warning="0" completed="0" inProgress="0" pending="0" />
    <Output>
      <StdOut>[xUnit.net 00:00:00.00] xUnit.net VSTest Adapter v2.8.2+699d445a1a (64-bit .NET 10.0.5)&#xD;
[xUnit.net 00:00:00.04]   Discovering: ETL-SQL.PerfTests&#xD;
[xUnit.net 00:00:00.06]   Discovered:  ETL-SQL.PerfTests&#xD;
[xUnit.net 00:00:00.06]   Starting:    ETL-SQL.PerfTests&#xD;
Testing Large Dataset Memory Usage (1M rows)...&#xD;
Memory before streaming select: 427 MB&#xD;
Processed 100,000 rows... Memory: 688 MB&#xD;
Processed 200,000 rows... Memory: 688 MB&#xD;
Processed 300,000 rows... Memory: 688 MB&#xD;
Processed 400,000 rows... Memory: 688 MB&#xD;
Processed 500,000 rows... Memory: 688 MB&#xD;
Processed 600,000 rows... Memory: 688 MB&#xD;
Processed 700,000 rows... Memory: 688 MB&#xD;
Processed 800,000 rows... Memory: 688 MB&#xD;
Processed 900,000 rows... Memory: 688 MB&#xD;
Processed 1,000,000 rows... Memory: 688 MB&#xD;
Finished streaming 1M rows. Final Memory: 688 MB&#xD;
Generating 10k rows...&#xD;
Running Nested Loop (Equality but no index/hash built yet)...&#xD;
�������Ŀ&#xD;
� Expr0 �&#xD;
�������Ĵ&#xD;
� 10000 �&#xD;
���������&#xD;
Nested Loop Time: 113104 ms&#xD;
�������Ŀ&#xD;
� Expr0 �&#xD;
�������Ĵ&#xD;
� 10000 �&#xD;
���������&#xD;
Hash Join Time: 53 ms&#xD;
Index idx_t2_id created on #t2 (ID)&#xD;
�������Ŀ&#xD;
� Expr0 �&#xD;
�������Ĵ&#xD;
� 10000 �&#xD;
���������&#xD;
Index Join Time: 54 ms&#xD;
Testing Multi-Column Hash Join Performance...&#xD;
�������Ŀ&#xD;
� Expr0 �&#xD;
�������Ĵ&#xD;
� 1000  �&#xD;
���������&#xD;
Multi-Column Hash Join took 4 ms for 1k x 1k records&#xD;
                                 Execution Plan                                 &#xD;
������������������������������������������������������������������������������Ŀ&#xD;
� ID � Operation � Details                                              � Cost �&#xD;
������������������������������������������������������������������������������Ĵ&#xD;
� 1  � Scan      � Source: #t1                                          �    2 �&#xD;
� 2  � Hash Join � Type: INNER, Table: #t2, Condition: ((#t1.A = #t2.A) �    5 �&#xD;
�    �           � AND (#t1.B = #t2.B)), Hash Keys: A, B                �      �&#xD;
��������������������������������������������������������������������������������&#xD;
[xUnit.net 00:02:04.32]   Finished:    ETL-SQL.PerfTests&#xD;
</StdOut>
    </Output>
  </ResultSummary>
</TestRun>